<?xml version="1.0" encoding="UTF-8"?>
<!-- Generated by org.testng.reporters.JUnitXMLReporter -->
<testsuite hostname="LAPTOP-K43POKAL" ignored="0" name="LoginTest" tests="1" failures="1" timestamp="29 May 2021 17:01:26 GMT" time="0.258" errors="0">
  <testcase name="validUserShouldBeAbleToLogin" time="0.143" classname="test.LoginTest">
    <failure type="java.lang.IllegalStateException" message="The driver executable does not exist: C:\Users\12147\January 2021 Selenium\XML_Projet\drivers\chromedriver.exe">
      <![CDATA[java.lang.IllegalStateException: The driver executable does not exist: C:\Users\12147\January 2021 Selenium\XML_Projet\drivers\chromedriver.exe
at com.google.common.base.Preconditions.checkState(Preconditions.java:585)
at org.openqa.selenium.remote.service.DriverService.checkExecutable(DriverService.java:146)
at org.openqa.selenium.remote.service.DriverService.findExecutable(DriverService.java:141)
at org.openqa.selenium.chrome.ChromeDriverService.access$000(ChromeDriverService.java:35)
at org.openqa.selenium.chrome.ChromeDriverService$Builder.findDefaultExecutable(ChromeDriverService.java:159)
at org.openqa.selenium.remote.service.DriverService$Builder.build(DriverService.java:355)
at org.openqa.selenium.chrome.ChromeDriverService.createDefaultService(ChromeDriverService.java:94)
at org.openqa.selenium.chrome.ChromeDriver.<init>(ChromeDriver.java:123)
at util.BrowserFactory.init(BrowserFactory.java:38)
at test.LoginTest.validUserShouldBeAbleToLogin(LoginTest.java:23)
... Removed 25 stack frames]]>
    </failure>
  </testcase> <!-- validUserShouldBeAbleToLogin -->
</testsuite> <!-- LoginTest -->
